<?xml version="1.0" encoding="UTF-8"?>
<testng-results skipped="0" failed="0" ignored="0" total="4" passed="4">
  <reporter-output>
  </reporter-output>
  <suite name="Suite" duration-ms="100440" started-at="2018-08-11T10:54:12Z" finished-at="2018-08-11T10:55:52Z">
    <groups>
    </groups>
    <test name="TestinChrome" duration-ms="91056" started-at="2018-08-11T10:54:12Z" finished-at="2018-08-11T10:55:43Z">
      <class name="scripts.TestValidLogin">
        <test-method status="PASS" signature="openApplication(java.lang.String)[pri:0, instance:scripts.TestValidLogin@6d78f375]" name="openApplication" is-config="true" duration-ms="5835" started-at="2018-08-11T16:24:12Z" finished-at="2018-08-11T16:24:18Z">
          <params>
            <param index="0">
              <value>
                <![CDATA[chrome]]>
              </value>
            </param>
          </params>
          <reporter-output>
          </reporter-output>
        </test-method> <!-- openApplication -->
        <test-method status="PASS" signature="testValidLogin()[pri:0, instance:scripts.TestValidLogin@6d78f375]" name="testValidLogin" duration-ms="22234" started-at="2018-08-11T16:24:18Z" finished-at="2018-08-11T16:24:40Z">
          <reporter-output>
          </reporter-output>
        </test-method> <!-- testValidLogin -->
        <test-method status="PASS" signature="closeApplication(org.testng.ITestResult)[pri:0, instance:scripts.TestValidLogin@6d78f375]" name="closeApplication" is-config="true" duration-ms="2343" started-at="2018-08-11T16:24:40Z" finished-at="2018-08-11T16:24:42Z">
          <params>
            <param index="0">
              <value>
                <![CDATA[[TestResult name=testValidLogin status=SUCCESS method=TestValidLogin.testValidLogin()[pri:0, instance:scripts.TestValidLogin@6d78f375] output={null}]]]>
              </value>
            </param>
          </params>
          <reporter-output>
          </reporter-output>
        </test-method> <!-- closeApplication -->
      </class> <!-- scripts.TestValidLogin -->
      <class name="scripts.TestInvalidLogin">
        <test-method status="PASS" signature="openApplication(java.lang.String)[pri:0, instance:scripts.TestInvalidLogin@50c87b21]" name="openApplication" is-config="true" duration-ms="7931" started-at="2018-08-11T16:24:42Z" finished-at="2018-08-11T16:24:50Z">
          <params>
            <param index="0">
              <value>
                <![CDATA[chrome]]>
              </value>
            </param>
          </params>
          <reporter-output>
          </reporter-output>
        </test-method> <!-- openApplication -->
        <test-method status="PASS" signature="testInvalidLogin()[pri:0, instance:scripts.TestInvalidLogin@50c87b21]" name="testInvalidLogin" duration-ms="50379" started-at="2018-08-11T16:24:50Z" finished-at="2018-08-11T16:25:41Z">
          <reporter-output>
          </reporter-output>
        </test-method> <!-- testInvalidLogin -->
        <test-method status="PASS" signature="closeApplication(org.testng.ITestResult)[pri:0, instance:scripts.TestInvalidLogin@50c87b21]" name="closeApplication" is-config="true" duration-ms="2312" started-at="2018-08-11T16:25:41Z" finished-at="2018-08-11T16:25:43Z">
          <params>
            <param index="0">
              <value>
                <![CDATA[[TestResult name=testInvalidLogin status=SUCCESS method=TestInvalidLogin.testInvalidLogin()[pri:0, instance:scripts.TestInvalidLogin@50c87b21] output={null}]]]>
              </value>
            </param>
          </params>
          <reporter-output>
          </reporter-output>
        </test-method> <!-- closeApplication -->
      </class> <!-- scripts.TestInvalidLogin -->
    </test> <!-- TestinChrome -->
    <test name="TestinFirefox" duration-ms="100440" started-at="2018-08-11T10:54:12Z" finished-at="2018-08-11T10:55:52Z">
      <class name="scripts.TestValidLogin">
        <test-method status="PASS" signature="openApplication(java.lang.String)[pri:0, instance:scripts.TestValidLogin@7946e1f4]" name="openApplication" is-config="true" duration-ms="21609" started-at="2018-08-11T16:24:12Z" finished-at="2018-08-11T16:24:33Z">
          <params>
            <param index="0">
              <value>
                <![CDATA[firefox]]>
              </value>
            </param>
          </params>
          <reporter-output>
          </reporter-output>
        </test-method> <!-- openApplication -->
        <test-method status="PASS" signature="testValidLogin()[pri:0, instance:scripts.TestValidLogin@7946e1f4]" name="testValidLogin" duration-ms="13127" started-at="2018-08-11T16:24:33Z" finished-at="2018-08-11T16:24:47Z">
          <reporter-output>
          </reporter-output>
        </test-method> <!-- testValidLogin -->
        <test-method status="PASS" signature="closeApplication(org.testng.ITestResult)[pri:0, instance:scripts.TestValidLogin@7946e1f4]" name="closeApplication" is-config="true" duration-ms="951" started-at="2018-08-11T16:24:47Z" finished-at="2018-08-11T16:24:47Z">
          <params>
            <param index="0">
              <value>
                <![CDATA[[TestResult name=testValidLogin status=SUCCESS method=TestValidLogin.testValidLogin()[pri:0, instance:scripts.TestValidLogin@7946e1f4] output={null}]]]>
              </value>
            </param>
          </params>
          <reporter-output>
          </reporter-output>
        </test-method> <!-- closeApplication -->
      </class> <!-- scripts.TestValidLogin -->
      <class name="scripts.TestInvalidLogin">
        <test-method status="PASS" signature="openApplication(java.lang.String)[pri:0, instance:scripts.TestInvalidLogin@3c09711b]" name="openApplication" is-config="true" duration-ms="10197" started-at="2018-08-11T16:24:47Z" finished-at="2018-08-11T16:24:58Z">
          <params>
            <param index="0">
              <value>
                <![CDATA[firefox]]>
              </value>
            </param>
          </params>
          <reporter-output>
          </reporter-output>
        </test-method> <!-- openApplication -->
        <test-method status="PASS" signature="testInvalidLogin()[pri:0, instance:scripts.TestInvalidLogin@3c09711b]" name="testInvalidLogin" duration-ms="54433" started-at="2018-08-11T16:24:58Z" finished-at="2018-08-11T16:25:52Z">
          <reporter-output>
          </reporter-output>
        </test-method> <!-- testInvalidLogin -->
        <test-method status="PASS" signature="closeApplication(org.testng.ITestResult)[pri:0, instance:scripts.TestInvalidLogin@3c09711b]" name="closeApplication" is-config="true" duration-ms="105" started-at="2018-08-11T16:25:52Z" finished-at="2018-08-11T16:25:52Z">
          <params>
            <param index="0">
              <value>
                <![CDATA[[TestResult name=testInvalidLogin status=SUCCESS method=TestInvalidLogin.testInvalidLogin()[pri:0, instance:scripts.TestInvalidLogin@3c09711b] output={null}]]]>
              </value>
            </param>
          </params>
          <reporter-output>
          </reporter-output>
        </test-method> <!-- closeApplication -->
      </class> <!-- scripts.TestInvalidLogin -->
    </test> <!-- TestinFirefox -->
  </suite> <!-- Suite -->
</testng-results>
