<?xml version="1.0" encoding="UTF-8"?>
<testng-results skipped="0" failed="0" ignored="0" total="4" passed="4">
  <reporter-output>
  </reporter-output>
  <suite name="Suite" duration-ms="98107" started-at="2018-08-11T10:27:24Z" finished-at="2018-08-11T10:29:02Z">
    <groups>
    </groups>
    <test name="TestinChrome" duration-ms="91423" started-at="2018-08-11T10:27:24Z" finished-at="2018-08-11T10:28:55Z">
      <class name="scripts.TestValidLogin">
        <test-method status="PASS" signature="openApplication(java.lang.String)[pri:0, instance:scripts.TestValidLogin@3f49dace]" name="openApplication" is-config="true" duration-ms="11823" started-at="2018-08-11T15:57:24Z" finished-at="2018-08-11T15:57:36Z">
          <params>
            <param index="0">
              <value>
                <![CDATA[chrome]]>
              </value>
            </param>
          </params>
          <reporter-output>
          </reporter-output>
        </test-method> <!-- openApplication -->
        <test-method status="PASS" signature="testValidLogin()[pri:0, instance:scripts.TestValidLogin@3f49dace]" name="testValidLogin" duration-ms="20707" started-at="2018-08-11T15:57:36Z" finished-at="2018-08-11T15:57:56Z">
          <reporter-output>
          </reporter-output>
        </test-method> <!-- testValidLogin -->
        <test-method status="PASS" signature="closeApplication(org.testng.ITestResult)[pri:0, instance:scripts.TestValidLogin@3f49dace]" name="closeApplication" is-config="true" duration-ms="2179" started-at="2018-08-11T15:57:56Z" finished-at="2018-08-11T15:57:59Z">
          <params>
            <param index="0">
              <value>
                <![CDATA[[TestResult name=testValidLogin status=SUCCESS method=TestValidLogin.testValidLogin()[pri:0, instance:scripts.TestValidLogin@3f49dace] output={null}]]]>
              </value>
            </param>
          </params>
          <reporter-output>
          </reporter-output>
        </test-method> <!-- closeApplication -->
      </class> <!-- scripts.TestValidLogin -->
      <class name="scripts.TestInvalidLogin">
        <test-method status="PASS" signature="openApplication(java.lang.String)[pri:0, instance:scripts.TestInvalidLogin@1e397ed7]" name="openApplication" is-config="true" duration-ms="6058" started-at="2018-08-11T15:57:59Z" finished-at="2018-08-11T15:58:05Z">
          <params>
            <param index="0">
              <value>
                <![CDATA[chrome]]>
              </value>
            </param>
          </params>
          <reporter-output>
          </reporter-output>
        </test-method> <!-- openApplication -->
        <test-method status="PASS" signature="testInvalidLogin()[pri:0, instance:scripts.TestInvalidLogin@1e397ed7]" name="testInvalidLogin" duration-ms="50393" started-at="2018-08-11T15:58:05Z" finished-at="2018-08-11T15:58:55Z">
          <reporter-output>
          </reporter-output>
        </test-method> <!-- testInvalidLogin -->
        <test-method status="PASS" signature="closeApplication(org.testng.ITestResult)[pri:0, instance:scripts.TestInvalidLogin@1e397ed7]" name="closeApplication" is-config="true" duration-ms="231" started-at="2018-08-11T15:58:55Z" finished-at="2018-08-11T15:58:55Z">
          <params>
            <param index="0">
              <value>
                <![CDATA[[TestResult name=testInvalidLogin status=SUCCESS method=TestInvalidLogin.testInvalidLogin()[pri:0, instance:scripts.TestInvalidLogin@1e397ed7] output={null}]]]>
              </value>
            </param>
          </params>
          <reporter-output>
          </reporter-output>
        </test-method> <!-- closeApplication -->
      </class> <!-- scripts.TestInvalidLogin -->
    </test> <!-- TestinChrome -->
    <test name="TestinFirefox" duration-ms="98107" started-at="2018-08-11T10:27:24Z" finished-at="2018-08-11T10:29:02Z">
      <class name="scripts.TestValidLogin">
        <test-method status="PASS" signature="openApplication(java.lang.String)[pri:0, instance:scripts.TestValidLogin@754ba872]" name="openApplication" is-config="true" duration-ms="20405" started-at="2018-08-11T15:57:24Z" finished-at="2018-08-11T15:57:44Z">
          <params>
            <param index="0">
              <value>
                <![CDATA[firefox]]>
              </value>
            </param>
          </params>
          <reporter-output>
          </reporter-output>
        </test-method> <!-- openApplication -->
        <test-method status="PASS" signature="testValidLogin()[pri:0, instance:scripts.TestValidLogin@754ba872]" name="testValidLogin" duration-ms="13939" started-at="2018-08-11T15:57:44Z" finished-at="2018-08-11T15:57:58Z">
          <reporter-output>
          </reporter-output>
        </test-method> <!-- testValidLogin -->
        <test-method status="PASS" signature="closeApplication(org.testng.ITestResult)[pri:0, instance:scripts.TestValidLogin@754ba872]" name="closeApplication" is-config="true" duration-ms="158" started-at="2018-08-11T15:57:58Z" finished-at="2018-08-11T15:57:58Z">
          <params>
            <param index="0">
              <value>
                <![CDATA[[TestResult name=testValidLogin status=SUCCESS method=TestValidLogin.testValidLogin()[pri:0, instance:scripts.TestValidLogin@754ba872] output={null}]]]>
              </value>
            </param>
          </params>
          <reporter-output>
          </reporter-output>
        </test-method> <!-- closeApplication -->
      </class> <!-- scripts.TestValidLogin -->
      <class name="scripts.TestInvalidLogin">
        <test-method status="PASS" signature="openApplication(java.lang.String)[pri:0, instance:scripts.TestInvalidLogin@146ba0ac]" name="openApplication" is-config="true" duration-ms="9706" started-at="2018-08-11T15:57:58Z" finished-at="2018-08-11T15:58:08Z">
          <params>
            <param index="0">
              <value>
                <![CDATA[firefox]]>
              </value>
            </param>
          </params>
          <reporter-output>
          </reporter-output>
        </test-method> <!-- openApplication -->
        <test-method status="PASS" signature="testInvalidLogin()[pri:0, instance:scripts.TestInvalidLogin@146ba0ac]" name="testInvalidLogin" duration-ms="53775" started-at="2018-08-11T15:58:08Z" finished-at="2018-08-11T15:59:02Z">
          <reporter-output>
          </reporter-output>
        </test-method> <!-- testInvalidLogin -->
        <test-method status="PASS" signature="closeApplication(org.testng.ITestResult)[pri:0, instance:scripts.TestInvalidLogin@146ba0ac]" name="closeApplication" is-config="true" duration-ms="97" started-at="2018-08-11T15:59:02Z" finished-at="2018-08-11T15:59:02Z">
          <params>
            <param index="0">
              <value>
                <![CDATA[[TestResult name=testInvalidLogin status=SUCCESS method=TestInvalidLogin.testInvalidLogin()[pri:0, instance:scripts.TestInvalidLogin@146ba0ac] output={null}]]]>
              </value>
            </param>
          </params>
          <reporter-output>
          </reporter-output>
        </test-method> <!-- closeApplication -->
      </class> <!-- scripts.TestInvalidLogin -->
    </test> <!-- TestinFirefox -->
  </suite> <!-- Suite -->
</testng-results>
